<?xml version="1.0" encoding="utf-8"?>
<TestRun id="f251ae00-0b91-46a6-8ba7-156bcb44cc5e" name="@runnervmeorf1 2026-05-09 08:34:22.1818957" xmlns="http://microsoft.com/schemas/VisualStudio/TeamTest/2010">
  <Times creation="2026-05-09T08:34:21.8350207Z" queuing="2026-05-09T08:34:21.8350207Z" start="2026-05-09T08:34:21.8350207Z" finish="2026-05-09T08:34:22.1824629Z" />
  <TestSettings name="default" id="891cb245-f934-4edc-8d6e-869fa9cb5bc1">
    <Deployment runDeploymentRoot="_runnervmeorf1_2026-05-09_08_34_22.1818957" />
  </TestSettings>
  <Results>
    <UnitTestResult executionId="77717d1d-8ea3-4abb-acd7-db7e4982d79a" testId="43c4070d-4956-6492-e437-503c3ca0416a" testName="Diff_UnchangedNodes_ReturnsNoOperations" computerName="runnervmeorf1" duration="00:00:00.0211247" startTime="2026-05-09T08:34:22.0456272+00:00" endTime="2026-05-09T08:34:22.0667519+00:00" testType="13CDC9D9-DDB5-4fa4-A97D-D965CCFC6D4B" outcome="Passed" testListId="8C84FA94-04C1-424b-9868-57A2D4851A1D" relativeResultsDirectory="77717d1d-8ea3-4abb-acd7-db7e4982d79a" />
    <UnitTestResult executionId="801a9d2e-0587-49e2-b631-d70af3375069" testId="96993a16-4d65-fb8e-1352-b06a26b44b19" testName="Diff_RemovedNodes_ReturnsRemoveOperations" computerName="runnervmeorf1" duration="00:00:00.0291102" startTime="2026-05-09T08:34:22.0456222+00:00" endTime="2026-05-09T08:34:22.0747324+00:00" testType="13CDC9D9-DDB5-4fa4-A97D-D965CCFC6D4B" outcome="Passed" testListId="8C84FA94-04C1-424b-9868-57A2D4851A1D" relativeResultsDirectory="801a9d2e-0587-49e2-b631-d70af3375069" />
    <UnitTestResult executionId="3eaa3c02-bf71-4f54-a4b1-6c112dd9e53b" testId="40617ade-08ac-2ae7-623d-286610ed2d80" testName="Diff_UpdatedNode_ReturnsUpdateOperation" computerName="runnervmeorf1" duration="00:00:00.0301385" startTime="2026-05-09T08:34:22.0455991+00:00" endTime="2026-05-09T08:34:22.0757376+00:00" testType="13CDC9D9-DDB5-4fa4-A97D-D965CCFC6D4B" outcome="Passed" testListId="8C84FA94-04C1-424b-9868-57A2D4851A1D" relativeResultsDirectory="3eaa3c02-bf71-4f54-a4b1-6c112dd9e53b" />
    <UnitTestResult executionId="bfe12c3f-70c3-4330-8441-2e319370b72e" testId="1b2402fb-03a6-c2ad-100b-4ba79bb409d0" testName="Diff_AddedNodes_ReturnsAddOperations" computerName="runnervmeorf1" duration="00:00:00.0308842" startTime="2026-05-09T08:34:22.0456049+00:00" endTime="2026-05-09T08:34:22.0764891+00:00" testType="13CDC9D9-DDB5-4fa4-A97D-D965CCFC6D4B" outcome="Passed" testListId="8C84FA94-04C1-424b-9868-57A2D4851A1D" relativeResultsDirectory="bfe12c3f-70c3-4330-8441-2e319370b72e" />
    <UnitTestResult executionId="f3c1961f-5492-482a-b0be-81a6f29c911f" testId="4de969da-350d-9d4e-caa4-9270693bb262" testName="Diff_Versions_ArePreserved" computerName="runnervmeorf1" duration="00:00:00.0076696" startTime="2026-05-09T08:34:22.0852112+00:00" endTime="2026-05-09T08:34:22.0928808+00:00" testType="13CDC9D9-DDB5-4fa4-A97D-D965CCFC6D4B" outcome="Passed" testListId="8C84FA94-04C1-424b-9868-57A2D4851A1D" relativeResultsDirectory="f3c1961f-5492-482a-b0be-81a6f29c911f" />
  </Results>
  <TestDefinitions>
    <UnitTest name="Diff_UnchangedNodes_ReturnsNoOperations" storage="/home/runner/work/blazorflowgraph/blazorflowgraph/tests/dotnet/diagram.diffing.tests/bin/release/net10.0/diagram.diffing.tests.dll" id="43c4070d-4956-6492-e437-503c3ca0416a">
      <Execution id="77717d1d-8ea3-4abb-acd7-db7e4982d79a" />
      <TestMethod codeBase="/home/runner/work/BlazorFlowGraph/BlazorFlowGraph/tests/DotNet/Diagram.Diffing.Tests/bin/Release/net10.0/Diagram.Diffing.Tests.dll" adapterTypeName="executor://TUnitExtension/1.43.41.0" className="Diagram.Diffing.Tests.GraphDifferTests" name="Diff_UnchangedNodes_ReturnsNoOperations" />
    </UnitTest>
    <UnitTest name="Diff_RemovedNodes_ReturnsRemoveOperations" storage="/home/runner/work/blazorflowgraph/blazorflowgraph/tests/dotnet/diagram.diffing.tests/bin/release/net10.0/diagram.diffing.tests.dll" id="96993a16-4d65-fb8e-1352-b06a26b44b19">
      <Execution id="801a9d2e-0587-49e2-b631-d70af3375069" />
      <TestMethod codeBase="/home/runner/work/BlazorFlowGraph/BlazorFlowGraph/tests/DotNet/Diagram.Diffing.Tests/bin/Release/net10.0/Diagram.Diffing.Tests.dll" adapterTypeName="executor://TUnitExtension/1.43.41.0" className="Diagram.Diffing.Tests.GraphDifferTests" name="Diff_RemovedNodes_ReturnsRemoveOperations" />
    </UnitTest>
    <UnitTest name="Diff_UpdatedNode_ReturnsUpdateOperation" storage="/home/runner/work/blazorflowgraph/blazorflowgraph/tests/dotnet/diagram.diffing.tests/bin/release/net10.0/diagram.diffing.tests.dll" id="40617ade-08ac-2ae7-623d-286610ed2d80">
      <Execution id="3eaa3c02-bf71-4f54-a4b1-6c112dd9e53b" />
      <TestMethod codeBase="/home/runner/work/BlazorFlowGraph/BlazorFlowGraph/tests/DotNet/Diagram.Diffing.Tests/bin/Release/net10.0/Diagram.Diffing.Tests.dll" adapterTypeName="executor://TUnitExtension/1.43.41.0" className="Diagram.Diffing.Tests.GraphDifferTests" name="Diff_UpdatedNode_ReturnsUpdateOperation" />
    </UnitTest>
    <UnitTest name="Diff_AddedNodes_ReturnsAddOperations" storage="/home/runner/work/blazorflowgraph/blazorflowgraph/tests/dotnet/diagram.diffing.tests/bin/release/net10.0/diagram.diffing.tests.dll" id="1b2402fb-03a6-c2ad-100b-4ba79bb409d0">
      <Execution id="bfe12c3f-70c3-4330-8441-2e319370b72e" />
      <TestMethod codeBase="/home/runner/work/BlazorFlowGraph/BlazorFlowGraph/tests/DotNet/Diagram.Diffing.Tests/bin/Release/net10.0/Diagram.Diffing.Tests.dll" adapterTypeName="executor://TUnitExtension/1.43.41.0" className="Diagram.Diffing.Tests.GraphDifferTests" name="Diff_AddedNodes_ReturnsAddOperations" />
    </UnitTest>
    <UnitTest name="Diff_Versions_ArePreserved" storage="/home/runner/work/blazorflowgraph/blazorflowgraph/tests/dotnet/diagram.diffing.tests/bin/release/net10.0/diagram.diffing.tests.dll" id="4de969da-350d-9d4e-caa4-9270693bb262">
      <Execution id="f3c1961f-5492-482a-b0be-81a6f29c911f" />
      <TestMethod codeBase="/home/runner/work/BlazorFlowGraph/BlazorFlowGraph/tests/DotNet/Diagram.Diffing.Tests/bin/Release/net10.0/Diagram.Diffing.Tests.dll" adapterTypeName="executor://TUnitExtension/1.43.41.0" className="Diagram.Diffing.Tests.GraphDifferTests" name="Diff_Versions_ArePreserved" />
    </UnitTest>
  </TestDefinitions>
  <TestEntries>
    <TestEntry testId="43c4070d-4956-6492-e437-503c3ca0416a" executionId="77717d1d-8ea3-4abb-acd7-db7e4982d79a" testListId="8C84FA94-04C1-424b-9868-57A2D4851A1D" />
    <TestEntry testId="96993a16-4d65-fb8e-1352-b06a26b44b19" executionId="801a9d2e-0587-49e2-b631-d70af3375069" testListId="8C84FA94-04C1-424b-9868-57A2D4851A1D" />
    <TestEntry testId="40617ade-08ac-2ae7-623d-286610ed2d80" executionId="3eaa3c02-bf71-4f54-a4b1-6c112dd9e53b" testListId="8C84FA94-04C1-424b-9868-57A2D4851A1D" />
    <TestEntry testId="1b2402fb-03a6-c2ad-100b-4ba79bb409d0" executionId="bfe12c3f-70c3-4330-8441-2e319370b72e" testListId="8C84FA94-04C1-424b-9868-57A2D4851A1D" />
    <TestEntry testId="4de969da-350d-9d4e-caa4-9270693bb262" executionId="f3c1961f-5492-482a-b0be-81a6f29c911f" testListId="8C84FA94-04C1-424b-9868-57A2D4851A1D" />
  </TestEntries>
  <TestLists>
    <TestList name="Results Not in a List" id="8C84FA94-04C1-424b-9868-57A2D4851A1D" />
    <TestList name="All Loaded Results" id="19431567-8539-422a-85d7-44ee4e166bda" />
  </TestLists>
  <ResultSummary outcome="Completed">
    <Counters total="5" executed="5" passed="5" failed="0" error="0" timeout="0" aborted="0" inconclusive="0" passedButRunAborted="0" notRunnable="0" notExecuted="0" disconnected="0" warning="0" completed="0" inProgress="0" pending="0" />
    <CollectorDataEntries>
      <Collector agentName="runnervmeorf1" uri="datacollector://TUnitExtensionHtmlReporter/1.43.41.0" collectorDisplayName="TUnit">
        <UriAttachments>
          <UriAttachment>
            <A href="runnervmeorf1/Diagram.Diffing.Tests-linux-net10.0-report.html" />
          </UriAttachment>
        </UriAttachments>
      </Collector>
    </CollectorDataEntries>
  </ResultSummary>
</TestRun>